GET /api/status 200 6.159 ms
GET /favicon.ico 404 7.633 ms
GET /api/status 304 0.630 ms
GET /api/status 304 0.397 ms
POST /api/auth/login 401 41.474 ms
POST /api/auth/login 401 7.203 ms
POST /api/auth/login 401 6.649 ms
POST /api/auth/register 201 243.318 ms
POST /api/auth/login 401 77.923 ms
POST /api/auth/login 401 143.836 ms
POST /api/auth/login 401 194.484 ms
POST /api/auth/login 401 6.706 ms
POST /api/auth/login 401 7.226 ms
POST /api/auth/login 401 7.869 ms
POST /api/auth/register 201 178.770 ms
POST /api/auth/login 200 206.060 ms
GET /api/pets 200 20.703 ms
POST /api/pets 201 29.043 ms
GET /api/pets 200 12.362 ms
POST /api/auth/login 200 197.257 ms
GET /api/pets 304 25.188 ms
POST /api/pets 201 45.033 ms
POST /api/auth/register 201 278.812 ms
POST /api/auth/login 200 207.264 ms
POST /api/pets 201 11.087 ms
GET /api/pets 200 16.070 ms
POST /api/auth/login 200 208.158 ms
GET /api/pets 304 26.422 ms
POST /api/auth/login 200 195.239 ms
GET /api/pets 200 27.768 ms
POST /api/pets 400 7.224 ms
POST /api/pets 400 7.683 ms
POST /api/auth/login 200 205.334 ms
POST /api/pets 400 4.885 ms
POST /api/auth/login 200 114.614 ms
POST /api/pets 400 30.266 ms
POST /api/auth/login 200 245.887 ms
POST /api/pets 201 168.315 ms
GET /api/pets 200 182.156 ms
POST /api/auth/login 200 202.879 ms
GET /api/pets 200 280.945 ms
GET /api/pets 200 149.409 ms
POST /api/auth/login 200 166.198 ms
GET /api/pets 200 202.230 ms
GET /api/pets 200 316.702 ms
POST /api/auth/login 200 153.959 ms
GET /api/pets 200 155.158 ms
POST /api/auth/login 200 226.556 ms
GET /api/pets 200 260.477 ms
POST /api/auth/login 200 204.102 ms
GET /api/pets 200 297.171 ms
POST /api/auth/login 200 194.416 ms
GET /api/pets 200 277.760 ms
GET /api/pets 200 264.520 ms
GET /api/pets 200 138.763 ms
POST /api/auth/login 200 202.560 ms
GET /api/pets 200 258.415 ms
GET /api/pets 200 263.112 ms
GET /api/pets 200 229.782 ms
POST /api/pets 201 181.063 ms
GET /api/pets 200 546.495 ms
POST /api/auth/login 200 197.550 ms
GET /api/pets 200 344.592 ms
GET /api/pets 200 341.714 ms
GET /api/pets 200 390.443 ms
GET /api/pets 200 429.493 ms
GET /api/pets 200 343.396 ms
GET /api/pets 200 216.009 ms
GET /api/pets 200 413.357 ms
GET /api/pets 200 323.378 ms
GET /api/pets 200 497.842 ms
GET /api/pets 200 747.410 ms
GET /api/pets 200 504.696 ms
GET /api/pets 200 393.678 ms
GET /api/pets 200 511.712 ms
GET /api/pets 200 470.894 ms
GET /api/pets 200 431.909 ms
GET /api/pets 200 373.644 ms
GET /api/pets 200 360.758 ms
GET /api/pets 200 362.035 ms
GET /api/pets 200 495.577 ms
GET /api/pets 200 571.613 ms
GET /api/pets 200 484.262 ms
GET /api/pets 200 437.722 ms
GET /api/pets 200 404.008 ms
POST /api/auth/login 200 175.101 ms
GET /api/pets 200 443.966 ms
GET /api/pets 200 674.889 ms
GET /api/pets 200 576.765 ms
POST /api/auth/login 200 156.389 ms
GET /api/pets 200 311.236 ms
POST /api/pets 201 83.369 ms
GET /api/pets 200 334.150 ms
POST /api/auth/login 200 92.316 ms
POST /api/auth/login 200 61.789 ms
GET /api/pets 200 260.959 ms
POST /api/auth/login 200 244.356 ms
GET /api/pets 200 922.764 ms
POST /api/auth/login 200 65.564 ms
POST /api/pets 201 27.622 ms
GET /api/pets 200 307.910 ms
